<?xml version="1.0" encoding="UTF-8"?>
<testsuite xmlns:xsi="http://www.w3.org/2001/XMLSchema-instance" xsi:noNamespaceSchemaLocation="https://maven.apache.org/surefire/maven-surefire-plugin/xsd/surefire-test-report-3.0.xsd" version="3.0" name="plant.repl.sim.ConvergenceTest" time="0.02" tests="4" errors="0" skipped="0" failures="0">
  <properties>
[...]
</properties>
  <testcase name="edits_to_different_fields_during_a_partition_all_survive" classname="plant.repl.sim.ConvergenceTest" time="0.004"/>
  <testcase name="a_replica_receiving_operations_in_reverse_order_reaches_the_same_state" classname="plant.repl.sim.ConvergenceTest" time="0.004"/>
  <testcase name="a_three_way_partition_converges_once_healed" classname="plant.repl.sim.ConvergenceTest" time="0.008"/>
  <testcase name="redelivering_the_same_operations_changes_nothing" classname="plant.repl.sim.ConvergenceTest" time="0.0"/>
</testsuite>